This is pdfTeX, Version 3.14159265-2.6-1.40.16 (TeX Live 2015/Arch Linux) (preloaded format=pdflatex 2015.11.29)  15 SEP 2016 13:56
entering extended mode
 restricted \write18 enabled.
 %&-line parsing enabled.
**informe.tex
(./informe.tex
LaTeX2e <2015/10/01> patch level 2
Babel <3.9m> and hyphenation patterns for 79 languages loaded.
(/usr/share/texmf-dist/tex/latex/base/article.cls
Document Class: article 2014/09/29 v1.4h Standard LaTeX document class
(/usr/share/texmf-dist/tex/latex/base/size11.clo
File: size11.clo 2014/09/29 v1.4h Standard LaTeX file (size option)
)
\c@part=\count79
\c@section=\count80
\c@subsection=\count81
\c@subsubsection=\count82
\c@paragraph=\count83
\c@subparagraph=\count84
\c@figure=\count85
\c@table=\count86
\abovecaptionskip=\skip41
\belowcaptionskip=\skip42
\bibindent=\dimen102
)
(/usr/share/texmf-dist/tex/generic/babel/babel.sty
Package: babel 2015/08/03 3.9m The Babel package

(/usr/share/texmf-dist/tex/generic/babel-spanish/spanish.ldf
Language: spanish.ldf 2014/04/24 v5.0n Spanish support from the babel system

(/usr/share/texmf-dist/tex/generic/babel/babel.def
File: babel.def 2015/08/03 3.9m Babel common definitions
\babel@savecnt=\count87
\U@D=\dimen103
)
\es@quottoks=\toks14
\es@quotdepth=\count88
Package babel Info: Making " an active character on input line 516.
Package babel Info: Making . an active character on input line 617.
Package babel Info: Making < an active character on input line 662.
Package babel Info: Making > an active character on input line 662.
))
LaTeX Info: Redefining \. on input line 3.
LaTeX Info: Redefining \% on input line 3.

(/usr/share/texmf-dist/tex/latex/base/inputenc.sty
Package: inputenc 2015/03/17 v1.2c Input encoding file
\inpenc@prehook=\toks15
\inpenc@posthook=\toks16

(/usr/share/texmf-dist/tex/latex/base/utf8.def
File: utf8.def 2015/09/07 v1.1p UTF-8 support for inputenc
Now handling font encoding OML ...
... no UTF-8 mapping file for font encoding OML
Now handling font encoding T1 ...
... processing UTF-8 mapping file for font encoding T1

(/usr/share/texmf-dist/tex/latex/base/t1enc.dfu
File: t1enc.dfu 2015/09/07 v1.1p UTF-8 support for inputenc
   defining Unicode char U+00A0 (decimal 160)
   defining Unicode char U+00A1 (decimal 161)
   defining Unicode char U+00A3 (decimal 163)
   defining Unicode char U+00AB (decimal 171)
   defining Unicode char U+00AD (decimal 173)
   defining Unicode char U+00BB (decimal 187)
   defining Unicode char U+00BF (decimal 191)
   defining Unicode char U+00C0 (decimal 192)
   defining Unicode char U+00C1 (decimal 193)
   defining Unicode char U+00C2 (decimal 194)
   defining Unicode char U+00C3 (decimal 195)
   defining Unicode char U+00C4 (decimal 196)
   defining Unicode char U+00C5 (decimal 197)
   defining Unicode char U+00C6 (decimal 198)
   defining Unicode char U+00C7 (decimal 199)
   defining Unicode char U+00C8 (decimal 200)
   defining Unicode char U+00C9 (decimal 201)
   defining Unicode char U+00CA (decimal 202)
   defining Unicode char U+00CB (decimal 203)
   defining Unicode char U+00CC (decimal 204)
   defining Unicode char U+00CD (decimal 205)
   defining Unicode char U+00CE (decimal 206)
   defining Unicode char U+00CF (decimal 207)
   defining Unicode char U+00D0 (decimal 208)
   defining Unicode char U+00D1 (decimal 209)
   defining Unicode char U+00D2 (decimal 210)
   defining Unicode char U+00D3 (decimal 211)
   defining Unicode char U+00D4 (decimal 212)
   defining Unicode char U+00D5 (decimal 213)
   defining Unicode char U+00D6 (decimal 214)
   defining Unicode char U+00D8 (decimal 216)
   defining Unicode char U+00D9 (decimal 217)
   defining Unicode char U+00DA (decimal 218)
   defining Unicode char U+00DB (decimal 219)
   defining Unicode char U+00DC (decimal 220)
   defining Unicode char U+00DD (decimal 221)
   defining Unicode char U+00DE (decimal 222)
   defining Unicode char U+00DF (decimal 223)
   defining Unicode char U+00E0 (decimal 224)
   defining Unicode char U+00E1 (decimal 225)
   defining Unicode char U+00E2 (decimal 226)
   defining Unicode char U+00E3 (decimal 227)
   defining Unicode char U+00E4 (decimal 228)
   defining Unicode char U+00E5 (decimal 229)
   defining Unicode char U+00E6 (decimal 230)
   defining Unicode char U+00E7 (decimal 231)
   defining Unicode char U+00E8 (decimal 232)
   defining Unicode char U+00E9 (decimal 233)
   defining Unicode char U+00EA (decimal 234)
   defining Unicode char U+00EB (decimal 235)
   defining Unicode char U+00EC (decimal 236)
   defining Unicode char U+00ED (decimal 237)
   defining Unicode char U+00EE (decimal 238)
   defining Unicode char U+00EF (decimal 239)
   defining Unicode char U+00F0 (decimal 240)
   defining Unicode char U+00F1 (decimal 241)
   defining Unicode char U+00F2 (decimal 242)
   defining Unicode char U+00F3 (decimal 243)
   defining Unicode char U+00F4 (decimal 244)
   defining Unicode char U+00F5 (decimal 245)
   defining Unicode char U+00F6 (decimal 246)
   defining Unicode char U+00F8 (decimal 248)
   defining Unicode char U+00F9 (decimal 249)
   defining Unicode char U+00FA (decimal 250)
   defining Unicode char U+00FB (decimal 251)
   defining Unicode char U+00FC (decimal 252)
   defining Unicode char U+00FD (decimal 253)
   defining Unicode char U+00FE (decimal 254)
   defining Unicode char U+00FF (decimal 255)
   defining Unicode char U+0102 (decimal 258)
   defining Unicode char U+0103 (decimal 259)
   defining Unicode char U+0104 (decimal 260)
   defining Unicode char U+0105 (decimal 261)
   defining Unicode char U+0106 (decimal 262)
   defining Unicode char U+0107 (decimal 263)
   defining Unicode char U+010C (decimal 268)
   defining Unicode char U+010D (decimal 269)
   defining Unicode char U+010E (decimal 270)
   defining Unicode char U+010F (decimal 271)
   defining Unicode char U+0110 (decimal 272)
   defining Unicode char U+0111 (decimal 273)
   defining Unicode char U+0118 (decimal 280)
   defining Unicode char U+0119 (decimal 281)
   defining Unicode char U+011A (decimal 282)
   defining Unicode char U+011B (decimal 283)
   defining Unicode char U+011E (decimal 286)
   defining Unicode char U+011F (decimal 287)
   defining Unicode char U+0130 (decimal 304)
   defining Unicode char U+0131 (decimal 305)
   defining Unicode char U+0132 (decimal 306)
   defining Unicode char U+0133 (decimal 307)
   defining Unicode char U+0139 (decimal 313)
   defining Unicode char U+013A (decimal 314)
   defining Unicode char U+013D (decimal 317)
   defining Unicode char U+013E (decimal 318)
   defining Unicode char U+0141 (decimal 321)
   defining Unicode char U+0142 (decimal 322)
   defining Unicode char U+0143 (decimal 323)
   defining Unicode char U+0144 (decimal 324)
   defining Unicode char U+0147 (decimal 327)
   defining Unicode char U+0148 (decimal 328)
   defining Unicode char U+014A (decimal 330)
   defining Unicode char U+014B (decimal 331)
   defining Unicode char U+0150 (decimal 336)
   defining Unicode char U+0151 (decimal 337)
   defining Unicode char U+0152 (decimal 338)
   defining Unicode char U+0153 (decimal 339)
   defining Unicode char U+0154 (decimal 340)
   defining Unicode char U+0155 (decimal 341)
   defining Unicode char U+0158 (decimal 344)
   defining Unicode char U+0159 (decimal 345)
   defining Unicode char U+015A (decimal 346)
   defining Unicode char U+015B (decimal 347)
   defining Unicode char U+015E (decimal 350)
   defining Unicode char U+015F (decimal 351)
   defining Unicode char U+0160 (decimal 352)
   defining Unicode char U+0161 (decimal 353)
   defining Unicode char U+0162 (decimal 354)
   defining Unicode char U+0163 (decimal 355)
   defining Unicode char U+0164 (decimal 356)
   defining Unicode char U+0165 (decimal 357)
   defining Unicode char U+016E (decimal 366)
   defining Unicode char U+016F (decimal 367)
   defining Unicode char U+0170 (decimal 368)
   defining Unicode char U+0171 (decimal 369)
   defining Unicode char U+0174 (decimal 372)
   defining Unicode char U+0175 (decimal 373)
   defining Unicode char U+0176 (decimal 374)
   defining Unicode char U+0177 (decimal 375)
   defining Unicode char U+0178 (decimal 376)
   defining Unicode char U+0179 (decimal 377)
   defining Unicode char U+017A (decimal 378)
   defining Unicode char U+017B (decimal 379)
   defining Unicode char U+017C (decimal 380)
   defining Unicode char U+017D (decimal 381)
   defining Unicode char U+017E (decimal 382)
   defining Unicode char U+0218 (decimal 536)
   defining Unicode char U+0219 (decimal 537)
   defining Unicode char U+021A (decimal 538)
   defining Unicode char U+021B (decimal 539)
   defining Unicode char U+200C (decimal 8204)
   defining Unicode char U+2013 (decimal 8211)
   defining Unicode char U+2014 (decimal 8212)
   defining Unicode char U+2018 (decimal 8216)
   defining Unicode char U+2019 (decimal 8217)
   defining Unicode char U+201A (decimal 8218)
   defining Unicode char U+201C (decimal 8220)
   defining Unicode char U+201D (decimal 8221)
   defining Unicode char U+201E (decimal 8222)
   defining Unicode char U+2030 (decimal 8240)
   defining Unicode char U+2031 (decimal 8241)
   defining Unicode char U+2039 (decimal 8249)
   defining Unicode char U+203A (decimal 8250)
   defining Unicode char U+2423 (decimal 9251)
)
Now handling font encoding OT1 ...
... processing UTF-8 mapping file for font encoding OT1

(/usr/share/texmf-dist/tex/latex/base/ot1enc.dfu
File: ot1enc.dfu 2015/09/07 v1.1p UTF-8 support for inputenc
   defining Unicode char U+00A0 (decimal 160)
   defining Unicode char U+00A1 (decimal 161)
   defining Unicode char U+00A3 (decimal 163)
   defining Unicode char U+00AD (decimal 173)
   defining Unicode char U+00B8 (decimal 184)
   defining Unicode char U+00BF (decimal 191)
   defining Unicode char U+00C5 (decimal 197)
   defining Unicode char U+00C6 (decimal 198)
   defining Unicode char U+00D8 (decimal 216)
   defining Unicode char U+00DF (decimal 223)
   defining Unicode char U+00E6 (decimal 230)
   defining Unicode char U+00EC (decimal 236)
   defining Unicode char U+00ED (decimal 237)
   defining Unicode char U+00EE (decimal 238)
   defining Unicode char U+00EF (decimal 239)
   defining Unicode char U+00F8 (decimal 248)
   defining Unicode char U+0131 (decimal 305)
   defining Unicode char U+0141 (decimal 321)
   defining Unicode char U+0142 (decimal 322)
   defining Unicode char U+0152 (decimal 338)
   defining Unicode char U+0153 (decimal 339)
   defining Unicode char U+0174 (decimal 372)
   defining Unicode char U+0175 (decimal 373)
   defining Unicode char U+0176 (decimal 374)
   defining Unicode char U+0177 (decimal 375)
   defining Unicode char U+0218 (decimal 536)
   defining Unicode char U+0219 (decimal 537)
   defining Unicode char U+021A (decimal 538)
   defining Unicode char U+021B (decimal 539)
   defining Unicode char U+2013 (decimal 8211)
   defining Unicode char U+2014 (decimal 8212)
   defining Unicode char U+2018 (decimal 8216)
   defining Unicode char U+2019 (decimal 8217)
   defining Unicode char U+201C (decimal 8220)
   defining Unicode char U+201D (decimal 8221)
)
Now handling font encoding OMS ...
... processing UTF-8 mapping file for font encoding OMS

(/usr/share/texmf-dist/tex/latex/base/omsenc.dfu
File: omsenc.dfu 2015/09/07 v1.1p UTF-8 support for inputenc
   defining Unicode char U+00A7 (decimal 167)
   defining Unicode char U+00B6 (decimal 182)
   defining Unicode char U+00B7 (decimal 183)
   defining Unicode char U+2020 (decimal 8224)
   defining Unicode char U+2021 (decimal 8225)
   defining Unicode char U+2022 (decimal 8226)
)
Now handling font encoding OMX ...
... no UTF-8 mapping file for font encoding OMX
Now handling font encoding U ...
... no UTF-8 mapping file for font encoding U
   defining Unicode char U+00A9 (decimal 169)
   defining Unicode char U+00AA (decimal 170)
   defining Unicode char U+00AE (decimal 174)
   defining Unicode char U+00BA (decimal 186)
   defining Unicode char U+02C6 (decimal 710)
   defining Unicode char U+02DC (decimal 732)
   defining Unicode char U+200C (decimal 8204)
   defining Unicode char U+2026 (decimal 8230)
   defining Unicode char U+2122 (decimal 8482)
   defining Unicode char U+2423 (decimal 9251)
))
(/usr/share/texmf-dist/tex/latex/graphics/graphicx.sty
Package: graphicx 2014/10/28 v1.0g Enhanced LaTeX Graphics (DPC,SPQR)

(/usr/share/texmf-dist/tex/latex/graphics/keyval.sty
Package: keyval 2014/10/28 v1.15 key=value parser (DPC)
\KV@toks@=\toks17
)
(/usr/share/texmf-dist/tex/latex/graphics/graphics.sty
Package: graphics 2014/10/28 v1.0p Standard LaTeX Graphics (DPC,SPQR)

(/usr/share/texmf-dist/tex/latex/graphics/trig.sty
Package: trig 1999/03/16 v1.09 sin cos tan (DPC)
)
(/usr/share/texmf-dist/tex/latex/latexconfig/graphics.cfg
File: graphics.cfg 2010/04/23 v1.9 graphics configuration of TeX Live
)
Package graphics Info: Driver file: pdftex.def on input line 94.

(/usr/share/texmf-dist/tex/latex/pdftex-def/pdftex.def
File: pdftex.def 2011/05/27 v0.06d Graphics/color for pdfTeX

(/usr/share/texmf-dist/tex/generic/oberdiek/infwarerr.sty
Package: infwarerr 2010/04/08 v1.3 Providing info/warning/error messages (HO)
)
(/usr/share/texmf-dist/tex/generic/oberdiek/ltxcmds.sty
Package: ltxcmds 2011/11/09 v1.22 LaTeX kernel commands for general use (HO)
)
\Gread@gobject=\count89
))
\Gin@req@height=\dimen104
\Gin@req@width=\dimen105
)
(/usr/share/texmf-dist/tex/latex/mathtools/mathtools.sty
Package: mathtools 2015/11/12 v1.18 mathematical typesetting tools

(/usr/share/texmf-dist/tex/latex/tools/calc.sty
Package: calc 2014/10/28 v4.3 Infix arithmetic (KKT,FJ)
\calc@Acount=\count90
\calc@Bcount=\count91
\calc@Adimen=\dimen106
\calc@Bdimen=\dimen107
\calc@Askip=\skip43
\calc@Bskip=\skip44
LaTeX Info: Redefining \setlength on input line 80.
LaTeX Info: Redefining \addtolength on input line 81.
\calc@Ccount=\count92
\calc@Cskip=\skip45
)
(/usr/share/texmf-dist/tex/latex/mathtools/mhsetup.sty
Package: mhsetup 2010/01/21 v1.2a programming setup (MH)
)
(/usr/share/texmf-dist/tex/latex/amsmath/amsmath.sty
Package: amsmath 2013/01/14 v2.14 AMS math features
\@mathmargin=\skip46

For additional information on amsmath, use the `?' option.
(/usr/share/texmf-dist/tex/latex/amsmath/amstext.sty
Package: amstext 2000/06/29 v2.01

(/usr/share/texmf-dist/tex/latex/amsmath/amsgen.sty
File: amsgen.sty 1999/11/30 v2.0
\@emptytoks=\toks18
\ex@=\dimen108
))
(/usr/share/texmf-dist/tex/latex/amsmath/amsbsy.sty
Package: amsbsy 1999/11/29 v1.2d
\pmbraise@=\dimen109
)
(/usr/share/texmf-dist/tex/latex/amsmath/amsopn.sty
Package: amsopn 1999/12/14 v2.01 operator names
)
\inf@bad=\count93
LaTeX Info: Redefining \frac on input line 210.
\uproot@=\count94
\leftroot@=\count95
LaTeX Info: Redefining \overline on input line 306.
\classnum@=\count96
\DOTSCASE@=\count97
LaTeX Info: Redefining \ldots on input line 378.
LaTeX Info: Redefining \dots on input line 381.
LaTeX Info: Redefining \cdots on input line 466.
\Mathstrutbox@=\box26
\strutbox@=\box27
\big@size=\dimen110
LaTeX Font Info:    Redeclaring font encoding OML on input line 566.
LaTeX Font Info:    Redeclaring font encoding OMS on input line 567.
\macc@depth=\count98
\c@MaxMatrixCols=\count99
\dotsspace@=\muskip10
\c@parentequation=\count100
\dspbrk@lvl=\count101
\tag@help=\toks19
\row@=\count102
\column@=\count103
\maxfields@=\count104
\andhelp@=\toks20
\eqnshift@=\dimen111
\alignsep@=\dimen112
\tagshift@=\dimen113
\tagwidth@=\dimen114
\totwidth@=\dimen115
\lineht@=\dimen116
\@envbody=\toks21
\multlinegap=\skip47
\multlinetaggap=\skip48
\mathdisplay@stack=\toks22
LaTeX Info: Redefining \[ on input line 2665.
LaTeX Info: Redefining \] on input line 2666.
)
LaTeX Info: Thecontrolsequence`\('isalreadyrobust on input line 129.
LaTeX Info: Thecontrolsequence`\)'isalreadyrobust on input line 129.
LaTeX Info: Thecontrolsequence`\['isalreadyrobust on input line 129.
LaTeX Info: Thecontrolsequence`\]'isalreadyrobust on input line 129.
\g_MT_multlinerow_int=\count105
\l_MT_multwidth_dim=\dimen117
\origjot=\skip49
\l_MT_shortvdotswithinadjustabove_dim=\dimen118
\l_MT_shortvdotswithinadjustbelow_dim=\dimen119
\l_MT_above_intertext_sep=\dimen120
\l_MT_below_intertext_sep=\dimen121
\l_MT_above_shortintertext_sep=\dimen122
\l_MT_below_shortintertext_sep=\dimen123
)
(/usr/share/texmf-dist/tex/latex/tools/tabularx.sty
Package: tabularx 2014/10/28 v2.10 `tabularx' package (DPC)

(/usr/share/texmf-dist/tex/latex/tools/array.sty
Package: array 2014/10/28 v2.4c Tabular extension package (FMi)
\col@sep=\dimen124
\extrarowheight=\dimen125
\NC@list=\toks23
\extratabsurround=\skip50
\backup@length=\skip51
)
\TX@col@width=\dimen126
\TX@old@table=\dimen127
\TX@old@col=\dimen128
\TX@target=\dimen129
\TX@delta=\dimen130
\TX@cols=\count106
\TX@ftn=\toks24
)
(/usr/share/texmf-dist/tex/latex/caption/caption.sty
Package: caption 2015/09/17 v3.3-111 Customizing captions (AR)

(/usr/share/texmf-dist/tex/latex/caption/caption3.sty
Package: caption3 2015/09/20 v1.7-115 caption3 kernel (AR)
Package caption3 Info: TeX engine: e-TeX on input line 57.
\captionmargin=\dimen131
\captionmargin@=\dimen132
\captionwidth=\dimen133
\caption@tempdima=\dimen134
\caption@indent=\dimen135
\caption@parindent=\dimen136
\caption@hangindent=\dimen137
)
\c@ContinuedFloat=\count107
)
(/usr/share/texmf-dist/tex/latex/caption/subcaption.sty
Package: subcaption 2015/09/15 v1.1-100 Sub-captions (AR)
\c@subfigure=\count108
\c@subtable=\count109
)
(/usr/share/texmf-dist/tex/latex/preprint/authblk.sty
Package: authblk 2001/02/27 1.3 (PWD)
\affilsep=\skip52
\@affilsep=\skip53
\c@Maxaffil=\count110
\c@authors=\count111
\c@affil=\count112
)
(/usr/share/texmf-dist/tex/latex/natbib/natbib.sty
Package: natbib 2010/09/13 8.31b (PWD, AO)
\bibhang=\skip54
\bibsep=\skip55
LaTeX Info: Redefining \cite on input line 694.
\c@NAT@ctr=\count113
)
(/usr/share/texmf-dist/tex/latex/multirow/multirow.sty
\bigstrutjot=\dimen138
) (./informe.aux
LaTeX Info: Redefining \. on input line 6.
LaTeX Info: Redefining \% on input line 6.
LaTeX Info: Redefining \. on input line 10.
LaTeX Info: Redefining \% on input line 10.


LaTeX Warning: Label `fig4:NETSCIENCE' multiply defined.


LaTeX Warning: Label `sub@fig4:NETSCIENCE' multiply defined.


LaTeX Warning: Label `fig4:INTERNET' multiply defined.


LaTeX Warning: Label `sub@fig4:INTERNET' multiply defined.


LaTeX Warning: Label `fig4:ap_ms' multiply defined.


LaTeX Warning: Label `sub@fig4:ap_ms' multiply defined.


LaTeX Warning: Label `fig4:y2h' multiply defined.


LaTeX Warning: Label `sub@fig4:y2h' multiply defined.


LaTeX Warning: Label `fig4:NETSCIENCE' multiply defined.


LaTeX Warning: Label `sub@fig4:NETSCIENCE' multiply defined.


LaTeX Warning: Label `fig4:INTERNET' multiply defined.


LaTeX Warning: Label `sub@fig4:INTERNET' multiply defined.


LaTeX Warning: Label `fig4:ap_ms' multiply defined.


LaTeX Warning: Label `sub@fig4:ap_ms' multiply defined.


LaTeX Warning: Label `fig4:y2h' multiply defined.


LaTeX Warning: Label `sub@fig4:y2h' multiply defined.

)
\openout1 = `informe.aux'.

LaTeX Font Info:    Checking defaults for OML/cmm/m/it on input line 20.
LaTeX Font Info:    ... okay on input line 20.
LaTeX Font Info:    Checking defaults for T1/cmr/m/n on input line 20.
LaTeX Font Info:    ... okay on input line 20.
LaTeX Font Info:    Checking defaults for OT1/cmr/m/n on input line 20.
LaTeX Font Info:    ... okay on input line 20.
LaTeX Font Info:    Checking defaults for OMS/cmsy/m/n on input line 20.
LaTeX Font Info:    ... okay on input line 20.
LaTeX Font Info:    Checking defaults for OMX/cmex/m/n on input line 20.
LaTeX Font Info:    ... okay on input line 20.
LaTeX Font Info:    Checking defaults for U/cmr/m/n on input line 20.
LaTeX Font Info:    ... okay on input line 20.
LaTeX Info: Redefining \. on input line 20.
LaTeX Info: Redefining \% on input line 20.
 (/usr/share/texmf-dist/tex/context/base/supp-pdf.mkii
[Loading MPS to PDF converter (version 2006.09.02).]
\scratchcounter=\count114
\scratchdimen=\dimen139
\scratchbox=\box28
\nofMPsegments=\count115
\nofMParguments=\count116
\everyMPshowfont=\toks25
\MPscratchCnt=\count117
\MPscratchDim=\dimen140
\MPnumerator=\count118
\makeMPintoPDFobject=\count119
\everyMPtoPDFconversion=\toks26
) (/usr/share/texmf-dist/tex/generic/oberdiek/pdftexcmds.sty
Package: pdftexcmds 2011/11/29 v0.20 Utility functions of pdfTeX for LuaTeX (HO
)

(/usr/share/texmf-dist/tex/generic/oberdiek/ifluatex.sty
Package: ifluatex 2010/03/01 v1.3 Provides the ifluatex switch (HO)
Package ifluatex Info: LuaTeX not detected.
)
(/usr/share/texmf-dist/tex/generic/oberdiek/ifpdf.sty
Package: ifpdf 2011/01/30 v2.3 Provides the ifpdf switch (HO)
Package ifpdf Info: pdfTeX in PDF mode is detected.
)
Package pdftexcmds Info: LuaTeX not detected.
Package pdftexcmds Info: \pdf@primitive is available.
Package pdftexcmds Info: \pdf@ifprimitive is available.
Package pdftexcmds Info: \pdfdraftmode found.
)
(/usr/share/texmf-dist/tex/latex/oberdiek/epstopdf-base.sty
Package: epstopdf-base 2010/02/09 v2.5 Base part for package epstopdf

(/usr/share/texmf-dist/tex/latex/oberdiek/grfext.sty
Package: grfext 2010/08/19 v1.1 Manage graphics extensions (HO)

(/usr/share/texmf-dist/tex/generic/oberdiek/kvdefinekeys.sty
Package: kvdefinekeys 2011/04/07 v1.3 Define keys (HO)
))
(/usr/share/texmf-dist/tex/latex/oberdiek/kvoptions.sty
Package: kvoptions 2011/06/30 v3.11 Key value format for package options (HO)

(/usr/share/texmf-dist/tex/generic/oberdiek/kvsetkeys.sty
Package: kvsetkeys 2012/04/25 v1.16 Key value parser (HO)

(/usr/share/texmf-dist/tex/generic/oberdiek/etexcmds.sty
Package: etexcmds 2011/02/16 v1.5 Avoid name clashes with e-TeX commands (HO)
Package etexcmds Info: Could not find \expanded.
(etexcmds)             That can mean that you are not using pdfTeX 1.50 or
(etexcmds)             that some package has redefined \expanded.
(etexcmds)             In the latter case, load this package earlier.
)))
Package grfext Info: Graphics extension search list:
(grfext)             [.png,.pdf,.jpg,.mps,.jpeg,.jbig2,.jb2,.PNG,.PDF,.JPG,.JPE
G,.JBIG2,.JB2,.eps]
(grfext)             \AppendGraphicsExtensions on input line 452.

(/usr/share/texmf-dist/tex/latex/latexconfig/epstopdf-sys.cfg
File: epstopdf-sys.cfg 2010/07/13 v1.3 Configuration of (r)epstopdf for TeX Liv
e
))
Package caption Info: Begin \AtBeginDocument code.
Package caption Info: End \AtBeginDocument code.
 [1

{/var/lib/texmf/fonts/map/pdftex/updmap/pdftex.map}] (./informe.toc
LaTeX Info: Redefining \. on input line 1.
LaTeX Info: Redefining \% on input line 1.
LaTeX Info: Redefining \. on input line 2.
LaTeX Info: Redefining \% on input line 2.
)
\tf@toc=\write3
\openout3 = `informe.toc'.

 [1] (./mariela.tex
<./schemes/yeast_AP-MS-txt.pdf, id=17, 1003.75pt x 1003.75pt>
File: ./schemes/yeast_AP-MS-txt.pdf Graphic file (type pdf)

<use ./schemes/yeast_AP-MS-txt.pdf>
Package pdftex.def Info: ./schemes/yeast_AP-MS-txt.pdf used on input line 21.
(pdftex.def)             Requested size: 108.0011pt x 107.99292pt.

<./schemes/yeast_LIT-txt.pdf, id=18, 1003.75pt x 1003.75pt>
File: ./schemes/yeast_LIT-txt.pdf Graphic file (type pdf)

<use ./schemes/yeast_LIT-txt.pdf>
Package pdftex.def Info: ./schemes/yeast_LIT-txt.pdf used on input line 25.
(pdftex.def)             Requested size: 108.0011pt x 107.99292pt.

<./schemes/yeast_Y2H-txt.pdf, id=19, 1003.75pt x 1003.75pt>
File: ./schemes/yeast_Y2H-txt.pdf Graphic file (type pdf)

<use ./schemes/yeast_Y2H-txt.pdf>
Package pdftex.def Info: ./schemes/yeast_Y2H-txt.pdf used on input line 29.
(pdftex.def)             Requested size: 108.0011pt x 107.99292pt.
 [2 <./schemes/yeast_AP-MS-txt.pdf> <./schemes/yeast_LIT-txt.pdf

pdfTeX warning: pdflatex (file ./schemes/yeast_LIT-txt.pdf): PDF inclusion: mul
tiple pdfs with page group included in a single page
> <./schemes/yeast_Y2H-txt.pdf

pdfTeX warning: pdflatex (file ./schemes/yeast_Y2H-txt.pdf): PDF inclusion: mul
tiple pdfs with page group included in a single page
>] <./schemes/venn_AP-MS-Y2H-LIT_covertura.pdf, id=32, 578.16pt x 397.485pt>
File: ./schemes/venn_AP-MS-Y2H-LIT_covertura.pdf Graphic file (type pdf)

<use ./schemes/venn_AP-MS-Y2H-LIT_covertura.pdf>
Package pdftex.def Info: ./schemes/venn_AP-MS-Y2H-LIT_covertura.pdf used on inp
ut line 94.
(pdftex.def)             Requested size: 180.0pt x 123.74673pt.

<./schemes/subgrafo_AP-MS_all-gml.pdf, id=33, 1003.75pt x 1003.75pt>
File: ./schemes/subgrafo_AP-MS_all-gml.pdf Graphic file (type pdf)

<use ./schemes/subgrafo_AP-MS_all-gml.pdf>
Package pdftex.def Info: ./schemes/subgrafo_AP-MS_all-gml.pdf used on input lin
e 115.
(pdftex.def)             Requested size: 77.75877pt x 77.74387pt.

<./schemes/subgrafo_Y2H_all-gml.pdf, id=34, 1003.75pt x 1003.75pt>
File: ./schemes/subgrafo_Y2H_all-gml.pdf Graphic file (type pdf)

<use ./schemes/subgrafo_Y2H_all-gml.pdf>
Package pdftex.def Info: ./schemes/subgrafo_Y2H_all-gml.pdf used on input line 
116.
(pdftex.def)             Requested size: 77.75877pt x 77.74387pt.

<./schemes/subgrafo_LIT_all-gml.pdf, id=35, 1003.75pt x 1003.75pt>
File: ./schemes/subgrafo_LIT_all-gml.pdf Graphic file (type pdf)

<use ./schemes/subgrafo_LIT_all-gml.pdf>
Package pdftex.def Info: ./schemes/subgrafo_LIT_all-gml.pdf used on input line 
117.
(pdftex.def)             Requested size: 77.75877pt x 77.74387pt.

<./schemes/venn_AP-MS-Y2H-LIT_links.pdf, id=36, 578.16pt x 397.485pt>
File: ./schemes/venn_AP-MS-Y2H-LIT_links.pdf Graphic file (type pdf)

<use ./schemes/venn_AP-MS-Y2H-LIT_links.pdf>
Package pdftex.def Info: ./schemes/venn_AP-MS-Y2H-LIT_links.pdf used on input l
ine 122.
(pdftex.def)             Requested size: 172.79846pt x 118.79759pt.
 [3]
<./schemes/venn2_coherence_yeast_AP-MS-yeast_LIT.pdf, id=44, 578.16pt x 433.62p
t>
File: ./schemes/venn2_coherence_yeast_AP-MS-yeast_LIT.pdf Graphic file (type pd
f)
 <use ./schemes/venn2_coherence_yeast_AP-MS-yeast_LIT.pdf>
Package pdftex.def Info: ./schemes/venn2_coherence_yeast_AP-MS-yeast_LIT.pdf us
ed on input line 138.
(pdftex.def)             Requested size: 75.60043pt x 56.69678pt.

<./schemes/subgrafo_APMS_ap_ms_lit-gml.pdf, id=45, 1003.75pt x 1003.75pt>
File: ./schemes/subgrafo_APMS_ap_ms_lit-gml.pdf Graphic file (type pdf)

<use ./schemes/subgrafo_APMS_ap_ms_lit-gml.pdf>
Package pdftex.def Info: ./schemes/subgrafo_APMS_ap_ms_lit-gml.pdf used on inpu
t line 139.
(pdftex.def)             Requested size: 48.60016pt x 48.59758pt.

<./schemes/subgrafo_LIT_ap_ms_lit-gml.pdf, id=46, 1003.75pt x 1003.75pt>
File: ./schemes/subgrafo_LIT_ap_ms_lit-gml.pdf Graphic file (type pdf)

<use ./schemes/subgrafo_LIT_ap_ms_lit-gml.pdf>
Package pdftex.def Info: ./schemes/subgrafo_LIT_ap_ms_lit-gml.pdf used on input
 line 140.
(pdftex.def)             Requested size: 48.60016pt x 48.59758pt.

<./schemes/venn2_coherence_yeast_AP-MS-yeast_Y2H.pdf, id=47, 578.16pt x 433.62p
t>
File: ./schemes/venn2_coherence_yeast_AP-MS-yeast_Y2H.pdf Graphic file (type pd
f)
 <use ./schemes/venn2_coherence_yeast_AP-MS-yeast_Y2H.pdf>
Package pdftex.def Info: ./schemes/venn2_coherence_yeast_AP-MS-yeast_Y2H.pdf us
ed on input line 145.
(pdftex.def)             Requested size: 75.60043pt x 56.69678pt.

<./schemes/subgrafo_APMS_ap_ms_y2h-gml.pdf, id=48, 1003.75pt x 1003.75pt>
File: ./schemes/subgrafo_APMS_ap_ms_y2h-gml.pdf Graphic file (type pdf)

<use ./schemes/subgrafo_APMS_ap_ms_y2h-gml.pdf>
Package pdftex.def Info: ./schemes/subgrafo_APMS_ap_ms_y2h-gml.pdf used on inpu
t line 146.
(pdftex.def)             Requested size: 48.60016pt x 48.59758pt.

<./schemes/subgrafo_Y2H_ap_ms_y2h-gml.pdf, id=49, 1003.75pt x 1003.75pt>
File: ./schemes/subgrafo_Y2H_ap_ms_y2h-gml.pdf Graphic file (type pdf)

<use ./schemes/subgrafo_Y2H_ap_ms_y2h-gml.pdf>
Package pdftex.def Info: ./schemes/subgrafo_Y2H_ap_ms_y2h-gml.pdf used on input
 line 147.
(pdftex.def)             Requested size: 48.60016pt x 48.59758pt.

<./schemes/venn2_coherence_yeast_Y2H-yeast_LIT.pdf, id=50, 578.16pt x 433.62pt>
File: ./schemes/venn2_coherence_yeast_Y2H-yeast_LIT.pdf Graphic file (type pdf)

<use ./schemes/venn2_coherence_yeast_Y2H-yeast_LIT.pdf>
Package pdftex.def Info: ./schemes/venn2_coherence_yeast_Y2H-yeast_LIT.pdf used
 on input line 152.
(pdftex.def)             Requested size: 75.60043pt x 56.69678pt.

<./schemes/subgrafo_Y2H_y2h_lit-gml.pdf, id=51, 1003.75pt x 1003.75pt>
File: ./schemes/subgrafo_Y2H_y2h_lit-gml.pdf Graphic file (type pdf)

<use ./schemes/subgrafo_Y2H_y2h_lit-gml.pdf>
Package pdftex.def Info: ./schemes/subgrafo_Y2H_y2h_lit-gml.pdf used on input l
ine 153.
(pdftex.def)             Requested size: 48.60016pt x 48.59758pt.

<./schemes/subgrafo_LIT_y2h_lit-gml.pdf, id=52, 1003.75pt x 1003.75pt>
File: ./schemes/subgrafo_LIT_y2h_lit-gml.pdf Graphic file (type pdf)

<use ./schemes/subgrafo_LIT_y2h_lit-gml.pdf>
Package pdftex.def Info: ./schemes/subgrafo_LIT_y2h_lit-gml.pdf used on input l
ine 154.
(pdftex.def)             Requested size: 48.60016pt x 48.59758pt.
) [4 <./schemes/venn_AP-MS-Y2H-LIT_covertura.pdf> <./schemes/subgrafo_AP-MS_all
-gml.pdf

pdfTeX warning: pdflatex (file ./schemes/subgrafo_AP-MS_all-gml.pdf): PDF inclu
sion: multiple pdfs with page group included in a single page
> <./schemes/subgrafo_Y2H_all-gml.pdf

pdfTeX warning: pdflatex (file ./schemes/subgrafo_Y2H_all-gml.pdf): PDF inclusi
on: multiple pdfs with page group included in a single page
> <./schemes/subgrafo_LIT_all-gml.pdf

pdfTeX warning: pdflatex (file ./schemes/subgrafo_LIT_all-gml.pdf): PDF inclusi
on: multiple pdfs with page group included in a single page
> <./schemes/venn_AP-MS-Y2H-LIT_links.pdf

pdfTeX warning: pdflatex (file ./schemes/venn_AP-MS-Y2H-LIT_links.pdf): PDF inc
lusion: multiple pdfs with page group included in a single page
>] [5 <./schemes/venn2_coherence_yeast_AP-MS-yeast_LIT.pdf> <./schemes/subgrafo
_APMS_ap_ms_lit-gml.pdf

pdfTeX warning: pdflatex (file ./schemes/subgrafo_APMS_ap_ms_lit-gml.pdf): PDF 
inclusion: multiple pdfs with page group included in a single page
> <./schemes/subgrafo_LIT_ap_ms_lit-gml.pdf

pdfTeX warning: pdflatex (file ./schemes/subgrafo_LIT_ap_ms_lit-gml.pdf): PDF i
nclusion: multiple pdfs with page group included in a single page
> <./schemes/venn2_coherence_yeast_AP-MS-yeast_Y2H.pdf

pdfTeX warning: pdflatex (file ./schemes/venn2_coherence_yeast_AP-MS-yeast_Y2H.
pdf): PDF inclusion: multiple pdfs with page group included in a single page
> <./schemes/subgrafo_APMS_ap_ms_y2h-gml.pdf

pdfTeX warning: pdflatex (file ./schemes/subgrafo_APMS_ap_ms_y2h-gml.pdf): PDF 
inclusion: multiple pdfs with page group included in a single page
> <./schemes/subgrafo_Y2H_ap_ms_y2h-gml.pdf

pdfTeX warning: pdflatex (file ./schemes/subgrafo_Y2H_ap_ms_y2h-gml.pdf): PDF i
nclusion: multiple pdfs with page group included in a single page
> <./schemes/venn2_coherence_yeast_Y2H-yeast_LIT.pdf

pdfTeX warning: pdflatex (file ./schemes/venn2_coherence_yeast_Y2H-yeast_LIT.pd
f): PDF inclusion: multiple pdfs with page group included in a single page
> <./schemes/subgrafo_Y2H_y2h_lit-gml.pdf

pdfTeX warning: pdflatex (file ./schemes/subgrafo_Y2H_y2h_lit-gml.pdf): PDF inc
lusion: multiple pdfs with page group included in a single page
> <./schemes/subgrafo_LIT_y2h_lit-gml.pdf

pdfTeX warning: pdflatex (file ./schemes/subgrafo_LIT_y2h_lit-gml.pdf): PDF inc
lusion: multiple pdfs with page group included in a single page
>] (./seba.tex
<figuras/FrutRein-eps-converted-to.pdf, id=197, 602.25pt x 602.25pt>
File: figuras/FrutRein-eps-converted-to.pdf Graphic file (type pdf)

<use figuras/FrutRein-eps-converted-to.pdf>
Package pdftex.def Info: figuras/FrutRein-eps-converted-to.pdf used on input li
ne 11.
(pdftex.def)             Requested size: 301.12425pt x 301.12425pt.

<figuras/KamKaw-eps-converted-to.pdf, id=198, 602.25pt x 602.25pt>
File: figuras/KamKaw-eps-converted-to.pdf Graphic file (type pdf)

<use figuras/KamKaw-eps-converted-to.pdf>
Package pdftex.def Info: figuras/KamKaw-eps-converted-to.pdf used on input line
 25.
(pdftex.def)             Requested size: 150.56212pt x 150.56212pt.

<figuras/Drl-eps-converted-to.pdf, id=199, 602.25pt x 602.25pt>
File: figuras/Drl-eps-converted-to.pdf Graphic file (type pdf)

<use figuras/Drl-eps-converted-to.pdf>
Package pdftex.def Info: figuras/Drl-eps-converted-to.pdf used on input line 26
.
(pdftex.def)             Requested size: 150.56212pt x 150.56212pt.

<figuras/Random-eps-converted-to.pdf, id=200, 602.25pt x 602.25pt>
File: figuras/Random-eps-converted-to.pdf Graphic file (type pdf)

<use figuras/Random-eps-converted-to.pdf>
Package pdftex.def Info: figuras/Random-eps-converted-to.pdf used on input line
 33.
(pdftex.def)             Requested size: 150.56212pt x 150.56212pt.

<figuras/Multi-eps-converted-to.pdf, id=201, 602.25pt x 602.25pt>
File: figuras/Multi-eps-converted-to.pdf Graphic file (type pdf)

<use figuras/Multi-eps-converted-to.pdf>
Package pdftex.def Info: figuras/Multi-eps-converted-to.pdf used on input line 
34.
(pdftex.def)             Requested size: 150.56212pt x 150.56212pt.
 [6] [7 <./figuras/FrutRein-eps-converted-to.pdf>] [8 <./figuras/KamKaw-eps-con
verted-to.pdf> <./figuras/Drl-eps-converted-to.pdf> <./figuras/Random-eps-conve
rted-to.pdf> <./figuras/Multi-eps-converted-to.pdf>]
<figuras/Histograma-eps-converted-to.pdf, id=242, 578.16pt x 433.62pt>
File: figuras/Histograma-eps-converted-to.pdf Graphic file (type pdf)

<use figuras/Histograma-eps-converted-to.pdf>
Package pdftex.def Info: figuras/Histograma-eps-converted-to.pdf used on input 
line 52.
(pdftex.def)             Requested size: 404.70924pt x 303.53192pt.

Overfull \hbox (44.70924pt too wide) in paragraph at lines 52--53
 [][] 
 []


Package amsmath Warning: Foreign command \atopwithdelims;
(amsmath)                \frac or \genfrac should be used instead
(amsmath)                 on input line 59.

[9] [10 <./figuras/Histograma-eps-converted-to.pdf>]
<figuras/Parte_c0-eps-converted-to.pdf, id=291, 602.25pt x 602.25pt>
File: figuras/Parte_c0-eps-converted-to.pdf Graphic file (type pdf)

<use figuras/Parte_c0-eps-converted-to.pdf>
Package pdftex.def Info: figuras/Parte_c0-eps-converted-to.pdf used on input li
ne 84.
(pdftex.def)             Requested size: 168.62885pt x 168.62885pt.

<figuras/Parte_c1-eps-converted-to.pdf, id=292, 602.25pt x 602.25pt>
File: figuras/Parte_c1-eps-converted-to.pdf Graphic file (type pdf)

<use figuras/Parte_c1-eps-converted-to.pdf>
Package pdftex.def Info: figuras/Parte_c1-eps-converted-to.pdf used on input li
ne 85.
(pdftex.def)             Requested size: 168.62885pt x 168.62885pt.

<figuras/Parte_c2-eps-converted-to.pdf, id=293, 602.25pt x 602.25pt>
File: figuras/Parte_c2-eps-converted-to.pdf Graphic file (type pdf)

<use figuras/Parte_c2-eps-converted-to.pdf>
Package pdftex.def Info: figuras/Parte_c2-eps-converted-to.pdf used on input li
ne 86.
(pdftex.def)             Requested size: 168.62885pt x 168.62885pt.

<figuras/Parte_c3-eps-converted-to.pdf, id=294, 602.25pt x 602.25pt>
File: figuras/Parte_c3-eps-converted-to.pdf Graphic file (type pdf)

<use figuras/Parte_c3-eps-converted-to.pdf>
Package pdftex.def Info: figuras/Parte_c3-eps-converted-to.pdf used on input li
ne 87.
(pdftex.def)             Requested size: 168.62885pt x 168.62885pt.

<figuras/Nodos_removidos-eps-converted-to.pdf, id=295, 578.16pt x 433.62pt>
File: figuras/Nodos_removidos-eps-converted-to.pdf Graphic file (type pdf)

<use figuras/Nodos_removidos-eps-converted-to.pdf>
Package pdftex.def Info: figuras/Nodos_removidos-eps-converted-to.pdf used on i
nput line 94.
(pdftex.def)             Requested size: 346.89867pt x 260.17401pt.
) [11] [12 <./figuras/Parte_c0-eps-converted-to.pdf> <./figuras/Parte_c1-eps-co
nverted-to.pdf> <./figuras/Parte_c2-eps-converted-to.pdf> <./figuras/Parte_c3-e
ps-converted-to.pdf>]
[13 <./figuras/Nodos_removidos-eps-converted-to.pdf>] (./jimmy.tex
Overfull \hbox (82.31125pt too wide) in paragraph at lines 8--11
[]\OT1/cmr/m/n/10.95 Primero ha-lla-mos to-dos los gra-dos $\OML/cmm/m/it/10.95
 k$ \OT1/cmr/m/n/10.95 de la red, usan-do la ru-ti-na \OT1/cmtt/m/n/10.95 igrap
h.Graph.Read[]GML()
 []

<figuras/ej03_Pk.png, id=368, 407.121pt x 287.1528pt>
File: figuras/ej03_Pk.png Graphic file (type png)

<use figuras/ej03_Pk.png>
Package pdftex.def Info: figuras/ej03_Pk.png used on input line 15.
(pdftex.def)             Requested size: 284.98276pt x 201.00557pt.

<figuras/ej03_Pk_igraph.png, id=370, 390.258pt x 270.7716pt>
File: figuras/ej03_Pk_igraph.png Graphic file (type png)

<use figuras/ej03_Pk_igraph.png>
Package pdftex.def Info: figuras/ej03_Pk_igraph.png used on input line 16.
(pdftex.def)             Requested size: 273.17873pt x 189.53882pt.

Overfull \hbox (73.5368pt too wide) in paragraph at lines 26--27
\OT1/cmr/m/n/10.95 dis-tri-bu-ci^^Son power-law $\OML/cmm/m/it/10.95 P[] \OMS/c
msy/m/n/10.95 ^^X \OML/cmm/m/it/10.95 k[]$\OT1/cmr/m/n/10.95 , pe-ro es-ta vez 
usan-do la ru-ti-na \OT1/cmtt/m/n/10.95 igraph.ipower[]law[]fit()\OT1/cmr/m/n/1
0.95 ,
 []

) [14] [15 <./figuras/ej03_Pk.png> <./figuras/ej03_Pk_igraph.png>] (./raul.tex
<./schemes/netscience-gml.pdf, id=380, 1003.75pt x 1003.75pt>
File: ./schemes/netscience-gml.pdf Graphic file (type pdf)

<use ./schemes/netscience-gml.pdf>
Package pdftex.def Info: ./schemes/netscience-gml.pdf used on input line 18.
(pdftex.def)             Requested size: 108.0011pt x 107.99292pt.

<./schemes/as-22july06-gml.pdf, id=381, 1003.75pt x 1003.75pt>
File: ./schemes/as-22july06-gml.pdf Graphic file (type pdf)

<use ./schemes/as-22july06-gml.pdf>
Package pdftex.def Info: ./schemes/as-22july06-gml.pdf used on input line 22.
(pdftex.def)             Requested size: 108.0011pt x 107.99292pt.
File: ./schemes/yeast_AP-MS-txt.pdf Graphic file (type pdf)
 <use ./schemes/yeast_AP-MS-txt.pdf>
Package pdftex.def Info: ./schemes/yeast_AP-MS-txt.pdf used on input line 27.
(pdftex.def)             Requested size: 108.0011pt x 107.99292pt.
File: ./schemes/yeast_Y2H-txt.pdf Graphic file (type pdf)

<use ./schemes/yeast_Y2H-txt.pdf>
Package pdftex.def Info: ./schemes/yeast_Y2H-txt.pdf used on input line 31.
(pdftex.def)             Requested size: 108.0011pt x 107.99292pt.
 [16 <./schemes/netscience-gml.pdf> <./schemes/as-22july06-gml.pdf

pdfTeX warning: pdflatex (file ./schemes/as-22july06-gml.pdf): PDF inclusion: m
ultiple pdfs with page group included in a single page
>] <./schemes/mixing_netscience-gml.pdf, id=388, 751.60799pt x 516.73048pt>
File: ./schemes/mixing_netscience-gml.pdf Graphic file (type pdf)

<use ./schemes/mixing_netscience-gml.pdf>
Package pdftex.def Info: ./schemes/mixing_netscience-gml.pdf used on input line
 49.
(pdftex.def)             Requested size: 161.9989pt x 111.37085pt.

<./schemes/mixing_as-22july06-gml.pdf, id=389, 751.60799pt x 516.73048pt>
File: ./schemes/mixing_as-22july06-gml.pdf Graphic file (type pdf)

<use ./schemes/mixing_as-22july06-gml.pdf>
Package pdftex.def Info: ./schemes/mixing_as-22july06-gml.pdf used on input lin
e 53.
(pdftex.def)             Requested size: 161.9989pt x 111.37085pt.

<./schemes/mixing_yeast_AP-MS-txt.pdf, id=390, 751.60799pt x 516.73048pt>
File: ./schemes/mixing_yeast_AP-MS-txt.pdf Graphic file (type pdf)

<use ./schemes/mixing_yeast_AP-MS-txt.pdf>
Package pdftex.def Info: ./schemes/mixing_yeast_AP-MS-txt.pdf used on input lin
e 58.
(pdftex.def)             Requested size: 161.9989pt x 111.37085pt.

<./schemes/mixing_yeast_Y2H-txt.pdf, id=391, 751.60799pt x 516.73048pt>
File: ./schemes/mixing_yeast_Y2H-txt.pdf Graphic file (type pdf)

<use ./schemes/mixing_yeast_Y2H-txt.pdf>
Package pdftex.def Info: ./schemes/mixing_yeast_Y2H-txt.pdf used on input line 
62.
(pdftex.def)             Requested size: 161.9989pt x 111.37085pt.

Overfull \hbox (4.6663pt too wide) in paragraph at lines 78--78
[]\OT1/cmr/bx/n/12 Grado me-dio del ve-cin-da-rio $\OML/cmm/m/it/12 k[]$ \OT1/c
mr/bx/n/12 (re-vi-sing Ba-rab^^Sasi [2016]) 
 []

[17 <./schemes/mixing_netscience-gml.pdf> <./schemes/mixing_as-22july06-gml.pdf


pdfTeX warning: pdflatex (file ./schemes/mixing_as-22july06-gml.pdf): PDF inclu
sion: multiple pdfs with page group included in a single page
> <./schemes/mixing_yeast_AP-MS-txt.pdf

pdfTeX warning: pdflatex (file ./schemes/mixing_yeast_AP-MS-txt.pdf): PDF inclu
sion: multiple pdfs with page group included in a single page
> <./schemes/mixing_yeast_Y2H-txt.pdf

pdfTeX warning: pdflatex (file ./schemes/mixing_yeast_Y2H-txt.pdf): PDF inclusi
on: multiple pdfs with page group included in a single page
>] <./schemes/assort_netscience-gml_loglog.pdf, id=500, 578.16pt x 397.485pt>
File: ./schemes/assort_netscience-gml_loglog.pdf Graphic file (type pdf)

<use ./schemes/assort_netscience-gml_loglog.pdf>
Package pdftex.def Info: ./schemes/assort_netscience-gml_loglog.pdf used on inp
ut line 111.
(pdftex.def)             Requested size: 161.9989pt x 111.37389pt.

<./schemes/assort_as-22july06-gml_loglog.pdf, id=501, 578.16pt x 397.485pt>
File: ./schemes/assort_as-22july06-gml_loglog.pdf Graphic file (type pdf)

<use ./schemes/assort_as-22july06-gml_loglog.pdf>
Package pdftex.def Info: ./schemes/assort_as-22july06-gml_loglog.pdf used on in
put line 115.
(pdftex.def)             Requested size: 161.9989pt x 111.37389pt.

<./schemes/assort_yeast_AP-MS-txt_loglog.pdf, id=502, 578.16pt x 397.485pt>
File: ./schemes/assort_yeast_AP-MS-txt_loglog.pdf Graphic file (type pdf)

<use ./schemes/assort_yeast_AP-MS-txt_loglog.pdf>
Package pdftex.def Info: ./schemes/assort_yeast_AP-MS-txt_loglog.pdf used on in
put line 120.
(pdftex.def)             Requested size: 161.9989pt x 111.37389pt.

<./schemes/assort_yeast_Y2H-txt_loglog.pdf, id=503, 578.16pt x 397.485pt>
File: ./schemes/assort_yeast_Y2H-txt_loglog.pdf Graphic file (type pdf)

<use ./schemes/assort_yeast_Y2H-txt_loglog.pdf>
Package pdftex.def Info: ./schemes/assort_yeast_Y2H-txt_loglog.pdf used on inpu
t line 124.
(pdftex.def)             Requested size: 161.9989pt x 111.37389pt.
 [18] [19 <./schemes/assort_netscience-gml_loglog.pdf> <./schemes/assort_as-22j
uly06-gml_loglog.pdf

pdfTeX warning: pdflatex (file ./schemes/assort_as-22july06-gml_loglog.pdf): PD
F inclusion: multiple pdfs with page group included in a single page
> <./schemes/assort_yeast_AP-MS-txt_loglog.pdf

pdfTeX warning: pdflatex (file ./schemes/assort_yeast_AP-MS-txt_loglog.pdf): PD
F inclusion: multiple pdfs with page group included in a single page
> <./schemes/assort_yeast_Y2H-txt_loglog.pdf

pdfTeX warning: pdflatex (file ./schemes/assort_yeast_Y2H-txt_loglog.pdf): PDF 
inclusion: multiple pdfs with page group included in a single page
>]) (./informe.bbl [20]) [21] (./informe.aux
LaTeX Info: Redefining \. on input line 6.
LaTeX Info: Redefining \% on input line 6.
LaTeX Info: Redefining \. on input line 10.
LaTeX Info: Redefining \% on input line 10.
)

LaTeX Warning: There were multiply-defined labels.

 ) 
Here is how much of TeX's memory you used:
 5595 strings out of 493054
 84382 string characters out of 6140585
 170768 words of memory out of 5000000
 8979 multiletter control sequences out of 15000+600000
 14193 words of font info for 51 fonts, out of 8000000 for 9000
 1141 hyphenation exceptions out of 8191
 38i,12n,38p,890b,495s stack positions out of 5000i,500n,10000p,200000b,80000s
</usr/share/texmf-dist/fonts/type1/public/amsfonts/cm/cmbx10.pfb></usr/share/
texmf-dist/fonts/type1/public/amsfonts/cm/cmbx12.pfb></usr/share/texmf-dist/fon
ts/type1/public/amsfonts/cm/cmcsc10.pfb></usr/share/texmf-dist/fonts/type1/publ
ic/amsfonts/cm/cmex10.pfb></usr/share/texmf-dist/fonts/type1/public/amsfonts/cm
/cmmi10.pfb></usr/share/texmf-dist/fonts/type1/public/amsfonts/cm/cmmi12.pfb></
usr/share/texmf-dist/fonts/type1/public/amsfonts/cm/cmmi6.pfb></usr/share/texmf
-dist/fonts/type1/public/amsfonts/cm/cmmi7.pfb></usr/share/texmf-dist/fonts/typ
e1/public/amsfonts/cm/cmmi8.pfb></usr/share/texmf-dist/fonts/type1/public/amsfo
nts/cm/cmr10.pfb></usr/share/texmf-dist/fonts/type1/public/amsfonts/cm/cmr12.pf
b></usr/share/texmf-dist/fonts/type1/public/amsfonts/cm/cmr6.pfb></usr/share/te
xmf-dist/fonts/type1/public/amsfonts/cm/cmr8.pfb></usr/share/texmf-dist/fonts/t
ype1/public/amsfonts/cm/cmr9.pfb></usr/share/texmf-dist/fonts/type1/public/amsf
onts/cm/cmsy10.pfb></usr/share/texmf-dist/fonts/type1/public/amsfonts/cm/cmsy6.
pfb></usr/share/texmf-dist/fonts/type1/public/amsfonts/cm/cmsy8.pfb></usr/share
/texmf-dist/fonts/type1/public/amsfonts/cm/cmti10.pfb></usr/share/texmf-dist/fo
nts/type1/public/amsfonts/cm/cmti12.pfb></usr/share/texmf-dist/fonts/type1/publ
ic/amsfonts/cm/cmtt10.pfb>
Output written on informe.pdf (22 pages, 10237174 bytes).
PDF statistics:
 745 PDF objects out of 1000 (max. 8388607)
 296 compressed objects within 3 object streams
 0 named destinations out of 1000 (max. 500000)
 201 words of extra memory for PDF output out of 10000 (max. 10000000)

