This is pdfTeX, Version 3.14159265-2.6-1.40.16 (TeX Live 2015/Arch Linux) (preloaded format=pdflatex 2015.11.29)  12 SEP 2016 22:52
entering extended mode
 restricted \write18 enabled.
 %&-line parsing enabled.
**ej1.py
(./ej1.py
LaTeX2e <2015/10/01> patch level 2
Babel <3.9m> and hyphenation patterns for 79 languages loaded.

! LaTeX Error: Missing \begin{document}.

See the LaTeX manual or LaTeX Companion for explanation.
Type  H <return>  for immediate help.
 ...                                              
                                                  
l.1 i
     mport numpy as np
? 
Missing character: There is no i in font nullfont!
Missing character: There is no m in font nullfont!
Missing character: There is no p in font nullfont!
Missing character: There is no o in font nullfont!
Missing character: There is no r in font nullfont!
Missing character: There is no t in font nullfont!
Missing character: There is no n in font nullfont!
Missing character: There is no u in font nullfont!
Missing character: There is no m in font nullfont!
Missing character: There is no p in font nullfont!
Missing character: There is no y in font nullfont!
Missing character: There is no a in font nullfont!
Missing character: There is no s in font nullfont!
Missing character: There is no n in font nullfont!
Missing character: There is no p in font nullfont!
Missing character: There is no i in font nullfont!
Missing character: There is no m in font nullfont!
Missing character: There is no p in font nullfont!
Missing character: There is no o in font nullfont!
Missing character: There is no r in font nullfont!
Missing character: There is no t in font nullfont!
Missing character: There is no m in font nullfont!
Missing character: There is no a in font nullfont!
Missing character: There is no t in font nullfont!
Missing character: There is no p in font nullfont!
Missing character: There is no l in font nullfont!
Missing character: There is no o in font nullfont!
Missing character: There is no t in font nullfont!
Missing character: There is no l in font nullfont!
Missing character: There is no i in font nullfont!
Missing character: There is no b in font nullfont!
Missing character: There is no . in font nullfont!
Missing character: There is no p in font nullfont!
Missing character: There is no y in font nullfont!
Missing character: There is no p in font nullfont!
Missing character: There is no l in font nullfont!
Missing character: There is no o in font nullfont!
Missing character: There is no t in font nullfont!
Missing character: There is no a in font nullfont!
Missing character: There is no s in font nullfont!
Missing character: There is no p in font nullfont!
Missing character: There is no l in font nullfont!
Missing character: There is no t in font nullfont!
Missing character: There is no i in font nullfont!
Missing character: There is no m in font nullfont!
Missing character: There is no p in font nullfont!
Missing character: There is no o in font nullfont!
Missing character: There is no r in font nullfont!
Missing character: There is no t in font nullfont!
Missing character: There is no i in font nullfont!
Missing character: There is no g in font nullfont!
Missing character: There is no r in font nullfont!
Missing character: There is no a in font nullfont!
Missing character: There is no p in font nullfont!
Missing character: There is no h in font nullfont!
Missing character: There is no i in font nullfont!
Missing character: There is no m in font nullfont!
Missing character: There is no p in font nullfont!
Missing character: There is no o in font nullfont!
Missing character: There is no r in font nullfont!
Missing character: There is no t in font nullfont!
Missing character: There is no n in font nullfont!
Missing character: There is no e in font nullfont!
Missing character: There is no t in font nullfont!
Missing character: There is no w in font nullfont!
Missing character: There is no o in font nullfont!
Missing character: There is no r in font nullfont!
Missing character: There is no k in font nullfont!
Missing character: There is no x in font nullfont!
Missing character: There is no a in font nullfont!
Missing character: There is no s in font nullfont!
Missing character: There is no n in font nullfont!
Missing character: There is no x in font nullfont!

Overfull \hbox (20.0pt too wide) in paragraph at lines 1--5
[]
 []


! LaTeX Error: Missing \begin{document}.

See the LaTeX manual or LaTeX Companion for explanation.
Type  H <return>  for immediate help.
 ...                                              
                                                  
l.7 a
     p_ms = igraph.Graph.Read_Ncol('yeast_AP-MS.txt')
? 
Missing character: There is no a in font nullfont!
Missing character: There is no p in font nullfont!
! Missing $ inserted.
<inserted text> 
                $
l.7 ap_
       ms = igraph.Graph.Read_Ncol('yeast_AP-MS.txt')
? Q
OK, entering \batchmode...
LaTeX Font Info:    External font `cmex10' loaded for size
(Font)              <7> on input line 7.
LaTeX Font Info:    External font `cmex10' loaded for size
(Font)              <5> on input line 7.
! Missing $ inserted.
<inserted text> 
                $
l.10 
     
I've inserted a begin-math/end-math symbol since I think
you left one out. Proceed, with fingers crossed.


Overfull \hbox (42.83913pt too wide) in paragraph at lines 7--10
[]$[]\OML/cmm/m/it/10 s \OT1/cmr/m/n/10 =
 []


Overfull \hbox (158.78267pt too wide) in paragraph at lines 7--10
\OML/cmm/m/it/10 igraph:Graph:Read[]col\OT1/cmr/m/n/10 ([]\OML/cmm/m/it/10 yeas
t[]P \OMS/cmsy/m/n/10 ^^@
 []


Overfull \hbox (60.14648pt too wide) in paragraph at lines 7--10
\OML/cmm/m/it/10 MS:txt[]\OT1/cmr/m/n/10 )\OML/cmm/m/it/10 lit \OT1/cmr/m/n/10 
=
 []


Overfull \hbox (203.51414pt too wide) in paragraph at lines 7--10
\OML/cmm/m/it/10 igraph:Graph:Read[]col\OT1/cmr/m/n/10 ([]\OML/cmm/m/it/10 yeas
t[]IT:txt[]\OT1/cmr/m/n/10 )\OML/cmm/m/it/10 y\OT1/cmr/m/n/10 2\OML/cmm/m/it/10
 h \OT1/cmr/m/n/10 =
 []


Overfull \hbox (179.58405pt too wide) in paragraph at lines 7--10
\OML/cmm/m/it/10 igraph:Graph:Read[]col\OT1/cmr/m/n/10 ([]\OML/cmm/m/it/10 yeas
t[]\OT1/cmr/m/n/10 2\OML/cmm/m/it/10 H:txt[]\OT1/cmr/m/n/10 )$ 
 []


! LaTeX Error: Missing \begin{document}.

See the LaTeX manual or LaTeX Companion for explanation.
Type  H <return>  for immediate help.
 ...                                              
                                                  
l.11 a
      p_ms_nx = nx.DiGraph(ap_ms.get_edgelist())
You're in trouble here.  Try typing  <return>  to proceed.
If that doesn't work, type  X <return>  to quit.

Missing character: There is no a in font nullfont!
Missing character: There is no p in font nullfont!
! Missing $ inserted.
<inserted text> 
                $
l.11 ap_
        ms_nx = nx.DiGraph(ap_ms.get_edgelist())
I've inserted a begin-math/end-math symbol since I think
you left one out. Proceed, with fingers crossed.

! You can't use `macro parameter character #' in math mode.
l.14 #
      igraph.plot(ap_ms)
Sorry, but I'm not programmed to handle this case;
I'll just pretend that you didn't ask for it.
If you're in the wrong mode, you might be able to
return to the right one by typing `I}' or `I$' or `I\par'.

! You can't use `macro parameter character #' in math mode.
l.15 #
      igraph.plot(lit)
Sorry, but I'm not programmed to handle this case;
I'll just pretend that you didn't ask for it.
If you're in the wrong mode, you might be able to
return to the right one by typing `I}' or `I$' or `I\par'.

! You can't use `macro parameter character #' in math mode.
l.16 #
      igraph.plot(y2h)
Sorry, but I'm not programmed to handle this case;
I'll just pretend that you didn't ask for it.
If you're in the wrong mode, you might be able to
return to the right one by typing `I}' or `I$' or `I\par'.

! Missing $ inserted.
<inserted text> 
                $
l.17 
     
I've inserted a begin-math/end-math symbol since I think
you left one out. Proceed, with fingers crossed.


Overfull \hbox (53.99773pt too wide) in paragraph at lines 11--17
[]$[]\OML/cmm/m/it/10 s[]x \OT1/cmr/m/n/10 =
 []


Overfull \hbox (485.44539pt too wide) in paragraph at lines 11--17
\OML/cmm/m/it/10 nx:DiGraph\OT1/cmr/m/n/10 (\OML/cmm/m/it/10 ap[]s:get[]dgelist
\OT1/cmr/m/n/10 ())\OML/cmm/m/it/10 nx:draw\OT1/cmr/m/n/10 (\OML/cmm/m/it/10 ap
[]s[]s\OT1/cmr/m/n/10 )\OML/cmm/m/it/10 plt:show\OT1/cmr/m/n/10 ()\OML/cmm/m/it
/10 igraph:plot\OT1/cmr/m/n/10 (\OML/cmm/m/it/10 ap[]s\OT1/cmr/m/n/10 )\OML/cmm
/m/it/10 igraph:plot\OT1/cmr/m/n/10 (\OML/cmm/m/it/10 lit\OT1/cmr/m/n/10 )\OML/
cmm/m/it/10 igraph:plot\OT1/cmr/m/n/10 (\OML/cmm/m/it/10 y\OT1/cmr/m/n/10 2\OML
/cmm/m/it/10 h\OT1/cmr/m/n/10 )$ 
 []


! LaTeX Error: Missing \begin{document}.

See the LaTeX manual or LaTeX Companion for explanation.
Type  H <return>  for immediate help.
 ...                                              
                                                  
l.19 p
      rint('numero de nodos ap-ms:',ap_ms.vcount())
You're in trouble here.  Try typing  <return>  to proceed.
If that doesn't work, type  X <return>  to quit.

Missing character: There is no p in font nullfont!
Missing character: There is no r in font nullfont!
Missing character: There is no i in font nullfont!
Missing character: There is no n in font nullfont!
Missing character: There is no t in font nullfont!
Missing character: There is no ( in font nullfont!
Missing character: There is no ' in font nullfont!
Missing character: There is no n in font nullfont!
Missing character: There is no u in font nullfont!
Missing character: There is no m in font nullfont!
Missing character: There is no e in font nullfont!
Missing character: There is no r in font nullfont!
Missing character: There is no o in font nullfont!
Missing character: There is no d in font nullfont!
Missing character: There is no e in font nullfont!
Missing character: There is no n in font nullfont!
Missing character: There is no o in font nullfont!
Missing character: There is no d in font nullfont!
Missing character: There is no o in font nullfont!
Missing character: There is no s in font nullfont!
Missing character: There is no a in font nullfont!
Missing character: There is no p in font nullfont!
Missing character: There is no - in font nullfont!
Missing character: There is no m in font nullfont!
Missing character: There is no s in font nullfont!
Missing character: There is no : in font nullfont!
Missing character: There is no ' in font nullfont!
Missing character: There is no , in font nullfont!
Missing character: There is no a in font nullfont!
Missing character: There is no p in font nullfont!
! Missing $ inserted.
<inserted text> 
                $
l.19 print('numero de nodos ap-ms:',ap_
                                       ms.vcount())
I've inserted a begin-math/end-math symbol since I think
you left one out. Proceed, with fingers crossed.

! Missing $ inserted.
<inserted text> 
                $
l.22 
     
I've inserted a begin-math/end-math symbol since I think
you left one out. Proceed, with fingers crossed.


Overfull \hbox (20.0pt too wide) in paragraph at lines 19--22
[]
 []


Overfull \hbox (180.65509pt too wide) in paragraph at lines 19--22
[]\OML/cmm/m/it/10 s:vcount\OT1/cmr/m/n/10 ())\OML/cmm/m/it/10 print\OT1/cmr/m/
n/10 ([]\OML/cmm/m/it/10 numerodenodosy\OT1/cmr/m/n/10 2\OML/cmm/m/it/10 h \OT1
/cmr/m/n/10 :[]
 []


Overfull \hbox (183.0527pt too wide) in paragraph at lines 19--22
\OML/cmm/m/it/10 ; y\OT1/cmr/m/n/10 2\OML/cmm/m/it/10 h:vcount\OT1/cmr/m/n/10 (
))\OML/cmm/m/it/10 print\OT1/cmr/m/n/10 ([]\OML/cmm/m/it/10 numerodenodoslit \O
T1/cmr/m/n/10 :[]
 []


Overfull \hbox (58.84456pt too wide) in paragraph at lines 19--22
\OML/cmm/m/it/10 ; lit:vcount\OT1/cmr/m/n/10 ())$ 
 []


! LaTeX Error: Missing \begin{document}.

See the LaTeX manual or LaTeX Companion for explanation.
Type  H <return>  for immediate help.
 ...                                              
                                                  
l.23 p
      rint()
You're in trouble here.  Try typing  <return>  to proceed.
If that doesn't work, type  X <return>  to quit.

Missing character: There is no p in font nullfont!
Missing character: There is no r in font nullfont!
Missing character: There is no i in font nullfont!
Missing character: There is no n in font nullfont!
Missing character: There is no t in font nullfont!
Missing character: There is no ( in font nullfont!
Missing character: There is no ) in font nullfont!

Overfull \hbox (20.0pt too wide) in paragraph at lines 23--24
[] 
 []


! LaTeX Error: Missing \begin{document}.

See the LaTeX manual or LaTeX Companion for explanation.
Type  H <return>  for immediate help.
 ...                                              
                                                  
l.25 p
      rint('numero de links ap-ms:',ap_ms.ecount())
You're in trouble here.  Try typing  <return>  to proceed.
If that doesn't work, type  X <return>  to quit.

Missing character: There is no p in font nullfont!
Missing character: There is no r in font nullfont!
Missing character: There is no i in font nullfont!
Missing character: There is no n in font nullfont!
Missing character: There is no t in font nullfont!
Missing character: There is no ( in font nullfont!
Missing character: There is no ' in font nullfont!
Missing character: There is no n in font nullfont!
Missing character: There is no u in font nullfont!
Missing character: There is no m in font nullfont!
Missing character: There is no e in font nullfont!
Missing character: There is no r in font nullfont!
Missing character: There is no o in font nullfont!
Missing character: There is no d in font nullfont!
Missing character: There is no e in font nullfont!
Missing character: There is no l in font nullfont!
Missing character: There is no i in font nullfont!
Missing character: There is no n in font nullfont!
Missing character: There is no k in font nullfont!
Missing character: There is no s in font nullfont!
Missing character: There is no a in font nullfont!
Missing character: There is no p in font nullfont!
Missing character: There is no - in font nullfont!
Missing character: There is no m in font nullfont!
Missing character: There is no s in font nullfont!
Missing character: There is no : in font nullfont!
Missing character: There is no ' in font nullfont!
Missing character: There is no , in font nullfont!
Missing character: There is no a in font nullfont!
Missing character: There is no p in font nullfont!
! Missing $ inserted.
<inserted text> 
                $
l.25 print('numero de links ap-ms:',ap_
                                       ms.ecount())
I've inserted a begin-math/end-math symbol since I think
you left one out. Proceed, with fingers crossed.

! Missing $ inserted.
<inserted text> 
                $
l.28 
     
I've inserted a begin-math/end-math symbol since I think
you left one out. Proceed, with fingers crossed.


Overfull \hbox (20.0pt too wide) in paragraph at lines 25--28
[]
 []


Overfull \hbox (171.5662pt too wide) in paragraph at lines 25--28
[]\OML/cmm/m/it/10 s:ecount\OT1/cmr/m/n/10 ())\OML/cmm/m/it/10 print\OT1/cmr/m/
n/10 ([]\OML/cmm/m/it/10 numerodelinkslit \OT1/cmr/m/n/10 :[]
 []


Overfull \hbox (179.75018pt too wide) in paragraph at lines 25--28
\OML/cmm/m/it/10 ; lit:ecount\OT1/cmr/m/n/10 ())\OML/cmm/m/it/10 print\OT1/cmr/
m/n/10 ([]\OML/cmm/m/it/10 numerodelinksy\OT1/cmr/m/n/10 2\OML/cmm/m/it/10 h \O
T1/cmr/m/n/10 :[]
 []


Overfull \hbox (64.08119pt too wide) in paragraph at lines 25--28
\OML/cmm/m/it/10 ; y\OT1/cmr/m/n/10 2\OML/cmm/m/it/10 h:ecount\OT1/cmr/m/n/10 (
))$ 
 []


! LaTeX Error: Missing \begin{document}.

See the LaTeX manual or LaTeX Companion for explanation.
Type  H <return>  for immediate help.
 ...                                              
                                                  
l.29 p
      rint()
You're in trouble here.  Try typing  <return>  to proceed.
If that doesn't work, type  X <return>  to quit.

Missing character: There is no p in font nullfont!
Missing character: There is no r in font nullfont!
Missing character: There is no i in font nullfont!
Missing character: There is no n in font nullfont!
Missing character: There is no t in font nullfont!
Missing character: There is no ( in font nullfont!
Missing character: There is no ) in font nullfont!

Overfull \hbox (20.0pt too wide) in paragraph at lines 29--30
[] 
 []


! LaTeX Error: Missing \begin{document}.

See the LaTeX manual or LaTeX Companion for explanation.
Type  H <return>  for immediate help.
 ...                                              
                                                  
l.31 p
      rint('numero de k-out ap-ms:',np.sum(ap_ms.outdegree())/ap_ms.vcount())
You're in trouble here.  Try typing  <return>  to proceed.
If that doesn't work, type  X <return>  to quit.

Missing character: There is no p in font nullfont!
Missing character: There is no r in font nullfont!
Missing character: There is no i in font nullfont!
Missing character: There is no n in font nullfont!
Missing character: There is no t in font nullfont!
Missing character: There is no ( in font nullfont!
Missing character: There is no ' in font nullfont!
Missing character: There is no n in font nullfont!
Missing character: There is no u in font nullfont!
Missing character: There is no m in font nullfont!
Missing character: There is no e in font nullfont!
Missing character: There is no r in font nullfont!
Missing character: There is no o in font nullfont!
Missing character: There is no d in font nullfont!
Missing character: There is no e in font nullfont!
Missing character: There is no k in font nullfont!
Missing character: There is no - in font nullfont!
Missing character: There is no o in font nullfont!
Missing character: There is no u in font nullfont!
Missing character: There is no t in font nullfont!
Missing character: There is no a in font nullfont!
Missing character: There is no p in font nullfont!
Missing character: There is no - in font nullfont!
Missing character: There is no m in font nullfont!
Missing character: There is no s in font nullfont!
Missing character: There is no : in font nullfont!
Missing character: There is no ' in font nullfont!
Missing character: There is no , in font nullfont!
Missing character: There is no n in font nullfont!
Missing character: There is no p in font nullfont!
Missing character: There is no . in font nullfont!
Missing character: There is no s in font nullfont!
Missing character: There is no u in font nullfont!
Missing character: There is no m in font nullfont!
Missing character: There is no ( in font nullfont!
Missing character: There is no a in font nullfont!
Missing character: There is no p in font nullfont!
! Missing $ inserted.
<inserted text> 
                $
l.31 print('numero de k-out ap-ms:',np.sum(ap_
                                              ms.outdegree())/ap_ms.vcount())
I've inserted a begin-math/end-math symbol since I think
you left one out. Proceed, with fingers crossed.

! Missing $ inserted.
<inserted text> 
                $
l.37 
     
I've inserted a begin-math/end-math symbol since I think
you left one out. Proceed, with fingers crossed.


Overfull \hbox (20.0pt too wide) in paragraph at lines 31--37
[]
 []


Overfull \hbox (229.29999pt too wide) in paragraph at lines 31--37
[]\OML/cmm/m/it/10 s:outdegree\OT1/cmr/m/n/10 ())\OML/cmm/m/it/10 =ap[]s:vcount
\OT1/cmr/m/n/10 ())\OML/cmm/m/it/10 print\OT1/cmr/m/n/10 ([]\OML/cmm/m/it/10 nu
merodek \OMS/cmsy/m/n/10 ^^@
 []


Overfull \hbox (27.54242pt too wide) in paragraph at lines 31--37
\OML/cmm/m/it/10 inap \OMS/cmsy/m/n/10 ^^@
 []


Overfull \hbox (21.82869pt too wide) in paragraph at lines 31--37
\OML/cmm/m/it/10 ms \OT1/cmr/m/n/10 :[]
 []


Overfull \hbox (276.2186pt too wide) in paragraph at lines 31--37
\OML/cmm/m/it/10 ; np:sum\OT1/cmr/m/n/10 (\OML/cmm/m/it/10 ap[]s:indegree\OT1/c
mr/m/n/10 ())\OML/cmm/m/it/10 =ap[]s:vcount\OT1/cmr/m/n/10 ())\OML/cmm/m/it/10 
print\OT1/cmr/m/n/10 ([]\OML/cmm/m/it/10 numerodek \OMS/cmsy/m/n/10 ^^@
 []


Overfull \hbox (32.78079pt too wide) in paragraph at lines 31--37
\OML/cmm/m/it/10 outlit \OT1/cmr/m/n/10 :[]
 []


Overfull \hbox (256.22617pt too wide) in paragraph at lines 31--37
\OML/cmm/m/it/10 ; np:sum\OT1/cmr/m/n/10 (\OML/cmm/m/it/10 lit:outdegree\OT1/cm
r/m/n/10 ())\OML/cmm/m/it/10 =lit:vcount\OT1/cmr/m/n/10 ())\OML/cmm/m/it/10 pri
nt\OT1/cmr/m/n/10 ([]\OML/cmm/m/it/10 numerodek \OMS/cmsy/m/n/10 ^^@
 []


Overfull \hbox (28.04535pt too wide) in paragraph at lines 31--37
\OML/cmm/m/it/10 inlit \OT1/cmr/m/n/10 :[]
 []


Overfull \hbox (251.49072pt too wide) in paragraph at lines 31--37
\OML/cmm/m/it/10 ; np:sum\OT1/cmr/m/n/10 (\OML/cmm/m/it/10 lit:indegree\OT1/cmr
/m/n/10 ())\OML/cmm/m/it/10 =lit:vcount\OT1/cmr/m/n/10 ())\OML/cmm/m/it/10 prin
t\OT1/cmr/m/n/10 ([]\OML/cmm/m/it/10 numerodek \OMS/cmsy/m/n/10 ^^@
 []


Overfull \hbox (38.56717pt too wide) in paragraph at lines 31--37
\OML/cmm/m/it/10 outy\OT1/cmr/m/n/10 2\OML/cmm/m/it/10 h \OT1/cmr/m/n/10 :[]
 []


Overfull \hbox (267.79892pt too wide) in paragraph at lines 31--37
\OML/cmm/m/it/10 ; np:sum\OT1/cmr/m/n/10 (\OML/cmm/m/it/10 y\OT1/cmr/m/n/10 2\O
ML/cmm/m/it/10 h:outdegree\OT1/cmr/m/n/10 ())\OML/cmm/m/it/10 =y\OT1/cmr/m/n/10
 2\OML/cmm/m/it/10 h:vcount\OT1/cmr/m/n/10 ())\OML/cmm/m/it/10 print\OT1/cmr/m/
n/10 ([]\OML/cmm/m/it/10 numerodek \OMS/cmsy/m/n/10 ^^@
 []


Overfull \hbox (33.83173pt too wide) in paragraph at lines 31--37
\OML/cmm/m/it/10 iny\OT1/cmr/m/n/10 2\OML/cmm/m/it/10 h \OT1/cmr/m/n/10 :[]
 []


Overfull \hbox (175.5301pt too wide) in paragraph at lines 31--37
\OML/cmm/m/it/10 ; np:sum\OT1/cmr/m/n/10 (\OML/cmm/m/it/10 y\OT1/cmr/m/n/10 2\O
ML/cmm/m/it/10 h:indegree\OT1/cmr/m/n/10 ())\OML/cmm/m/it/10 =y\OT1/cmr/m/n/10 
2\OML/cmm/m/it/10 h:vcount\OT1/cmr/m/n/10 ())$ 
 []


! LaTeX Error: Missing \begin{document}.

See the LaTeX manual or LaTeX Companion for explanation.
Type  H <return>  for immediate help.
 ...                                              
                                                  
l.38 p
      rint()
You're in trouble here.  Try typing  <return>  to proceed.
If that doesn't work, type  X <return>  to quit.

Missing character: There is no p in font nullfont!
Missing character: There is no r in font nullfont!
Missing character: There is no i in font nullfont!
Missing character: There is no n in font nullfont!
Missing character: There is no t in font nullfont!
Missing character: There is no ( in font nullfont!
Missing character: There is no ) in font nullfont!

Overfull \hbox (20.0pt too wide) in paragraph at lines 38--39
[] 
 []


! LaTeX Error: Missing \begin{document}.

See the LaTeX manual or LaTeX Companion for explanation.
Type  H <return>  for immediate help.
 ...                                              
                                                  
l.40 p
      rint('densidad ap_ms:',ap_ms.density(loops=True))
You're in trouble here.  Try typing  <return>  to proceed.
If that doesn't work, type  X <return>  to quit.

Missing character: There is no p in font nullfont!
Missing character: There is no r in font nullfont!
Missing character: There is no i in font nullfont!
Missing character: There is no n in font nullfont!
Missing character: There is no t in font nullfont!
Missing character: There is no ( in font nullfont!
Missing character: There is no ' in font nullfont!
Missing character: There is no d in font nullfont!
Missing character: There is no e in font nullfont!
Missing character: There is no n in font nullfont!
Missing character: There is no s in font nullfont!
Missing character: There is no i in font nullfont!
Missing character: There is no d in font nullfont!
Missing character: There is no a in font nullfont!
Missing character: There is no d in font nullfont!
Missing character: There is no a in font nullfont!
Missing character: There is no p in font nullfont!
! Missing $ inserted.
<inserted text> 
                $
l.40 print('densidad ap_
                        ms:',ap_ms.density(loops=True))
I've inserted a begin-math/end-math symbol since I think
you left one out. Proceed, with fingers crossed.

! Missing $ inserted.
<inserted text> 
                $
l.43 
     
I've inserted a begin-math/end-math symbol since I think
you left one out. Proceed, with fingers crossed.


Overfull \hbox (20.0pt too wide) in paragraph at lines 40--43
[]
 []


Overfull \hbox (20.64467pt too wide) in paragraph at lines 40--43
[]\OML/cmm/m/it/10 s \OT1/cmr/m/n/10 :[]
 []


Overfull \hbox (99.72997pt too wide) in paragraph at lines 40--43
\OML/cmm/m/it/10 ; ap[]s:density\OT1/cmr/m/n/10 (\OML/cmm/m/it/10 loops \OT1/cm
r/m/n/10 =
 []


Overfull \hbox (118.04393pt too wide) in paragraph at lines 40--43
\OML/cmm/m/it/10 True\OT1/cmr/m/n/10 ))\OML/cmm/m/it/10 print\OT1/cmr/m/n/10 ([
]\OML/cmm/m/it/10 densidadlit \OT1/cmr/m/n/10 :[]
 []


Overfull \hbox (87.36603pt too wide) in paragraph at lines 40--43
\OML/cmm/m/it/10 ; lit:density\OT1/cmr/m/n/10 (\OML/cmm/m/it/10 loops \OT1/cmr/
m/n/10 =
 []


Overfull \hbox (123.8303pt too wide) in paragraph at lines 40--43
\OML/cmm/m/it/10 True\OT1/cmr/m/n/10 ))\OML/cmm/m/it/10 print\OT1/cmr/m/n/10 ([
]\OML/cmm/m/it/10 densidady\OT1/cmr/m/n/10 2\OML/cmm/m/it/10 h \OT1/cmr/m/n/10 
:[]
 []


Overfull \hbox (93.1524pt too wide) in paragraph at lines 40--43
\OML/cmm/m/it/10 ; y\OT1/cmr/m/n/10 2\OML/cmm/m/it/10 h:density\OT1/cmr/m/n/10 
(\OML/cmm/m/it/10 loops \OT1/cmr/m/n/10 =
 []


Overfull \hbox (30.18066pt too wide) in paragraph at lines 40--43
\OML/cmm/m/it/10 True\OT1/cmr/m/n/10 ))$ 
 []


! LaTeX Error: Missing \begin{document}.

See the LaTeX manual or LaTeX Companion for explanation.
Type  H <return>  for immediate help.
 ...                                              
                                                  
l.44 p
      rint()
You're in trouble here.  Try typing  <return>  to proceed.
If that doesn't work, type  X <return>  to quit.

Missing character: There is no p in font nullfont!
Missing character: There is no r in font nullfont!
Missing character: There is no i in font nullfont!
Missing character: There is no n in font nullfont!
Missing character: There is no t in font nullfont!
Missing character: There is no ( in font nullfont!
Missing character: There is no ) in font nullfont!

Overfull \hbox (20.0pt too wide) in paragraph at lines 44--45
[] 
 []

! You can't use `macro parameter character #' in vertical mode.
l.48 #
      u = open(1, 'w', encoding='utf-8', closefd=False)
Sorry, but I'm not programmed to handle this case;
I'll just pretend that you didn't ask for it.
If you're in the wrong mode, you might be able to
return to the right one by typing `I}' or `I$' or `I\par'.


! LaTeX Error: Missing \begin{document}.

See the LaTeX manual or LaTeX Companion for explanation.
Type  H <return>  for immediate help.
 ...                                              
                                                  
l.48 #u
        = open(1, 'w', encoding='utf-8', closefd=False)
You're in trouble here.  Try typing  <return>  to proceed.
If that doesn't work, type  X <return>  to quit.

Missing character: There is no u in font nullfont!
Missing character: There is no = in font nullfont!
Missing character: There is no o in font nullfont!
Missing character: There is no p in font nullfont!
Missing character: There is no e in font nullfont!
Missing character: There is no n in font nullfont!
Missing character: There is no ( in font nullfont!
Missing character: There is no 1 in font nullfont!
Missing character: There is no , in font nullfont!
Missing character: There is no ' in font nullfont!
Missing character: There is no w in font nullfont!
Missing character: There is no ' in font nullfont!
Missing character: There is no , in font nullfont!
Missing character: There is no e in font nullfont!
Missing character: There is no n in font nullfont!
Missing character: There is no c in font nullfont!
Missing character: There is no o in font nullfont!
Missing character: There is no d in font nullfont!
Missing character: There is no i in font nullfont!
Missing character: There is no n in font nullfont!
Missing character: There is no g in font nullfont!
Missing character: There is no = in font nullfont!
Missing character: There is no ' in font nullfont!
Missing character: There is no u in font nullfont!
Missing character: There is no t in font nullfont!
Missing character: There is no f in font nullfont!
Missing character: There is no - in font nullfont!
Missing character: There is no 8 in font nullfont!
Missing character: There is no ' in font nullfont!
Missing character: There is no , in font nullfont!
Missing character: There is no c in font nullfont!
Missing character: There is no l in font nullfont!
Missing character: There is no o in font nullfont!
Missing character: There is no s in font nullfont!
Missing character: There is no e in font nullfont!
Missing character: There is no f in font nullfont!
Missing character: There is no d in font nullfont!
Missing character: There is no = in font nullfont!
Missing character: There is no F in font nullfont!
Missing character: There is no a in font nullfont!
Missing character: There is no l in font nullfont!
Missing character: There is no s in font nullfont!
Missing character: There is no e in font nullfont!
Missing character: There is no ) in font nullfont!
! You can't use `macro parameter character #' in horizontal mode.
l.49 #
      
Sorry, but I'm not programmed to handle this case;
I'll just pretend that you didn't ask for it.
If you're in the wrong mode, you might be able to
return to the right one by typing `I}' or `I$' or `I\par'.

! You can't use `macro parameter character #' in horizontal mode.
l.50 #
      data = pd.read_csv("lista_curso.csv",encoding='utf-8')
Sorry, but I'm not programmed to handle this case;
I'll just pretend that you didn't ask for it.
If you're in the wrong mode, you might be able to
return to the right one by typing `I}' or `I$' or `I\par'.

Missing character: There is no d in font nullfont!
Missing character: There is no a in font nullfont!
Missing character: There is no t in font nullfont!
Missing character: There is no a in font nullfont!
Missing character: There is no = in font nullfont!
Missing character: There is no p in font nullfont!
Missing character: There is no d in font nullfont!
Missing character: There is no . in font nullfont!
Missing character: There is no r in font nullfont!
Missing character: There is no e in font nullfont!
Missing character: There is no a in font nullfont!
Missing character: There is no d in font nullfont!
! Missing $ inserted.
<inserted text> 
                $
l.50 #data = pd.read_
                     csv("lista_curso.csv",encoding='utf-8')
I've inserted a begin-math/end-math symbol since I think
you left one out. Proceed, with fingers crossed.

! You can't use `macro parameter character #' in math mode.
l.51 #
      data = data.replace(np.nan,0)
Sorry, but I'm not programmed to handle this case;
I'll just pretend that you didn't ask for it.
If you're in the wrong mode, you might be able to
return to the right one by typing `I}' or `I$' or `I\par'.

! You can't use `macro parameter character #' in math mode.
l.52 #
      
Sorry, but I'm not programmed to handle this case;
I'll just pretend that you didn't ask for it.
If you're in the wrong mode, you might be able to
return to the right one by typing `I}' or `I$' or `I\par'.

! You can't use `macro parameter character #' in math mode.
l.53 #
      names_data = data.drop(data.columns[range(14)] ,axis=1)
Sorry, but I'm not programmed to handle this case;
I'll just pretend that you didn't ask for it.
If you're in the wrong mode, you might be able to
return to the right one by typing `I}' or `I$' or `I\par'.

! You can't use `macro parameter character #' in math mode.
l.54 #
      
Sorry, but I'm not programmed to handle this case;
I'll just pretend that you didn't ask for it.
If you're in the wrong mode, you might be able to
return to the right one by typing `I}' or `I$' or `I\par'.

! You can't use `macro parameter character #' in math mode.
l.55 #
      print(names_data.columns,file=u)
Sorry, but I'm not programmed to handle this case;
I'll just pretend that you didn't ask for it.
If you're in the wrong mode, you might be able to
return to the right one by typing `I}' or `I$' or `I\par'.

! You can't use `macro parameter character #' in math mode.
l.56 #
      print(names_data,file=u)
Sorry, but I'm not programmed to handle this case;
I'll just pretend that you didn't ask for it.
If you're in the wrong mode, you might be able to
return to the right one by typing `I}' or `I$' or `I\par'.

! You can't use `macro parameter character #' in math mode.
l.57 #
      
Sorry, but I'm not programmed to handle this case;
I'll just pretend that you didn't ask for it.
If you're in the wrong mode, you might be able to
return to the right one by typing `I}' or `I$' or `I\par'.

! You can't use `macro parameter character #' in math mode.
l.58 #
      node_names = data['Nombre'].values
Sorry, but I'm not programmed to handle this case;
I'll just pretend that you didn't ask for it.
If you're in the wrong mode, you might be able to
return to the right one by typing `I}' or `I$' or `I\par'.

! You can't use `macro parameter character #' in math mode.
l.59 #
      print(node_names,file=u)
Sorry, but I'm not programmed to handle this case;
I'll just pretend that you didn't ask for it.
If you're in the wrong mode, you might be able to
return to the right one by typing `I}' or `I$' or `I\par'.

! You can't use `macro parameter character #' in math mode.
l.60 #
      
Sorry, but I'm not programmed to handle this case;
I'll just pretend that you didn't ask for it.
If you're in the wrong mode, you might be able to
return to the right one by typing `I}' or `I$' or `I\par'.

! You can't use `macro parameter character #' in math mode.
l.61 #
      
Sorry, but I'm not programmed to handle this case;
I'll just pretend that you didn't ask for it.
If you're in the wrong mode, you might be able to
return to the right one by typing `I}' or `I$' or `I\par'.

! You can't use `macro parameter character #' in math mode.
l.62 #
      values = names_data.values
Sorry, but I'm not programmed to handle this case;
I'll just pretend that you didn't ask for it.
If you're in the wrong mode, you might be able to
return to the right one by typing `I}' or `I$' or `I\par'.

! You can't use `macro parameter character #' in math mode.
l.63 #
      g = igraph.Graph.Adjacency(values.tolist())
Sorry, but I'm not programmed to handle this case;
I'll just pretend that you didn't ask for it.
If you're in the wrong mode, you might be able to
return to the right one by typing `I}' or `I$' or `I\par'.

! You can't use `macro parameter character #' in math mode.
l.64 #
      
Sorry, but I'm not programmed to handle this case;
I'll just pretend that you didn't ask for it.
If you're in the wrong mode, you might be able to
return to the right one by typing `I}' or `I$' or `I\par'.

! You can't use `macro parameter character #' in math mode.
l.65 #
      g.es['weight'] = values[values.nonzero()]
Sorry, but I'm not programmed to handle this case;
I'll just pretend that you didn't ask for it.
If you're in the wrong mode, you might be able to
return to the right one by typing `I}' or `I$' or `I\par'.

! You can't use `macro parameter character #' in math mode.
l.66 #
      g.vs['labels'] = node_names
Sorry, but I'm not programmed to handle this case;
I'll just pretend that you didn't ask for it.
If you're in the wrong mode, you might be able to
return to the right one by typing `I}' or `I$' or `I\par'.

! You can't use `macro parameter character #' in math mode.
l.67 #
      g.vs['carrera'] = data['Carrera de grado']
Sorry, but I'm not programmed to handle this case;
I'll just pretend that you didn't ask for it.
If you're in the wrong mode, you might be able to
return to the right one by typing `I}' or `I$' or `I\par'.

! You can't use `macro parameter character #' in math mode.
l.68 #
      
Sorry, but I'm not programmed to handle this case;
I'll just pretend that you didn't ask for it.
If you're in the wrong mode, you might be able to
return to the right one by typing `I}' or `I$' or `I\par'.

! You can't use `macro parameter character #' in math mode.
l.69 #
      #hist(g.degree(),bins=25)
Sorry, but I'm not programmed to handle this case;
I'll just pretend that you didn't ask for it.
If you're in the wrong mode, you might be able to
return to the right one by typing `I}' or `I$' or `I\par'.

! You can't use `macro parameter character #' in math mode.
l.69 ##
       hist(g.degree(),bins=25)
Sorry, but I'm not programmed to handle this case;
I'll just pretend that you didn't ask for it.
If you're in the wrong mode, you might be able to
return to the right one by typing `I}' or `I$' or `I\par'.

! You can't use `macro parameter character #' in math mode.
l.70 #
      #show()
Sorry, but I'm not programmed to handle this case;
I'll just pretend that you didn't ask for it.
If you're in the wrong mode, you might be able to
return to the right one by typing `I}' or `I$' or `I\par'.

! You can't use `macro parameter character #' in math mode.
l.70 ##
       show()
Sorry, but I'm not programmed to handle this case;
I'll just pretend that you didn't ask for it.
If you're in the wrong mode, you might be able to
return to the right one by typing `I}' or `I$' or `I\par'.

! You can't use `macro parameter character #' in math mode.
l.71 #
      
Sorry, but I'm not programmed to handle this case;
I'll just pretend that you didn't ask for it.
If you're in the wrong mode, you might be able to
return to the right one by typing `I}' or `I$' or `I\par'.

! You can't use `macro parameter character #' in math mode.
l.72 #
      print(g.degree(),file=u)
Sorry, but I'm not programmed to handle this case;
I'll just pretend that you didn't ask for it.
If you're in the wrong mode, you might be able to
return to the right one by typing `I}' or `I$' or `I\par'.

! You can't use `macro parameter character #' in math mode.
l.73 #
      #igraph.plot(g, vertex_label=g.vs['carrera'])
Sorry, but I'm not programmed to handle this case;
I'll just pretend that you didn't ask for it.
If you're in the wrong mode, you might be able to
return to the right one by typing `I}' or `I$' or `I\par'.

! You can't use `macro parameter character #' in math mode.
l.73 ##
       igraph.plot(g, vertex_label=g.vs['carrera'])
Sorry, but I'm not programmed to handle this case;
I'll just pretend that you didn't ask for it.
If you're in the wrong mode, you might be able to
return to the right one by typing `I}' or `I$' or `I\par'.

! You can't use `macro parameter character #' in math mode.
l.74 #
      
Sorry, but I'm not programmed to handle this case;
I'll just pretend that you didn't ask for it.
If you're in the wrong mode, you might be able to
return to the right one by typing `I}' or `I$' or `I\par'.

! You can't use `macro parameter character #' in math mode.
l.75 #
      
Sorry, but I'm not programmed to handle this case;
I'll just pretend that you didn't ask for it.
If you're in the wrong mode, you might be able to
return to the right one by typing `I}' or `I$' or `I\par'.

! You can't use `macro parameter character #' in math mode.
l.76 #
      print('grado medio:',np.mean(g.degree()))
Sorry, but I'm not programmed to handle this case;
I'll just pretend that you didn't ask for it.
If you're in the wrong mode, you might be able to
return to the right one by typing `I}' or `I$' or `I\par'.

! You can't use `macro parameter character #' in math mode.
l.77 #
      print('grado maximo:',np.max(g.degree()))
Sorry, but I'm not programmed to handle this case;
I'll just pretend that you didn't ask for it.
If you're in the wrong mode, you might be able to
return to the right one by typing `I}' or `I$' or `I\par'.

! You can't use `macro parameter character #' in math mode.
l.78 #
      print('diametro:',g.diameter())
Sorry, but I'm not programmed to handle this case;
I'll just pretend that you didn't ask for it.
If you're in the wrong mode, you might be able to
return to the right one by typing `I}' or `I$' or `I\par'.

! You can't use `macro parameter character #' in math mode.
l.79 #
      print('average path length:',g.average_path_length())
Sorry, but I'm not programmed to handle this case;
I'll just pretend that you didn't ask for it.
If you're in the wrong mode, you might be able to
return to the right one by typing `I}' or `I$' or `I\par'.

! You can't use `macro parameter character #' in math mode.
l.80 #
      print('shortest path:',np.min(g.shortest_paths()))
Sorry, but I'm not programmed to handle this case;
I'll just pretend that you didn't ask for it.
If you're in the wrong mode, you might be able to
return to the right one by typing `I}' or `I$' or `I\par'.

! You can't use `macro parameter character #' in math mode.
l.81 #
      
Sorry, but I'm not programmed to handle this case;
I'll just pretend that you didn't ask for it.
If you're in the wrong mode, you might be able to
return to the right one by typing `I}' or `I$' or `I\par'.

)
! Emergency stop.
<*> ej1.py
          
*** (job aborted, no legal \end found)

 
Here is how much of TeX's memory you used:
 8 strings out of 493054
 151 string characters out of 6140585
 58374 words of memory out of 5000000
 3630 multiletter control sequences out of 15000+600000
 3640 words of font info for 14 fonts, out of 8000000 for 9000
 1141 hyphenation exceptions out of 8191
 18i,2n,12p,81b,56s stack positions out of 5000i,500n,10000p,200000b,80000s
!  ==> Fatal error occurred, no output PDF file produced!
